2023-09-05 17:28:15,550 - INFO - @L_HCPU.execute: Starting run #1 at 1693952895.550864
2023-09-05 17:28:15,551 - INFO - ControlUnit state before run: idle
2023-09-05 17:28:15,551 - INFO - @L_HCPU.run:
2023-09-05 17:28:15,551 - INFO - @L_HCPU-ControlUnit.run
2023-09-05 17:28:16,552 - INFO - @L_HCPU-ControlUnit.run: Done
2023-09-05 17:28:16,552 - INFO - Instruction: None
2023-09-05 17:28:16,552 - INFO - Program: None
2023-09-05 17:28:16,552 - INFO - Memory: None
2023-09-05 17:28:16,552 - INFO - @L_HCPU-ExecutionUnit.run
2023-09-05 17:28:17,555 - INFO - @L_HCPU-ExecutionUnit.run: Done
2023-09-05 17:28:17,556 - INFO - Result: None
2023-09-05 17:28:17,556 - INFO - @L_HCPU-MemoryUnit.run
2023-09-05 17:28:18,560 - INFO - @L_HCPU-MemoryUnit.run: Done
2023-09-05 17:28:18,560 - INFO - RAM: None
2023-09-05 17:28:18,560 - INFO - @L_HCPU.run: Done
2023-09-05 17:28:18,560 - INFO - @L_HCPU.execute: Ending run #1 at 1693952898.560506
2023-09-05 17:28:18,560 - INFO - Cycle Duration: 3.0096421241760254
2023-09-05 17:28:18,560 - INFO - @L_HCPU.execute: Starting run #2 at 1693952898.5606809
2023-09-05 17:28:18,560 - INFO - ControlUnit state before run: idle
2023-09-05 17:28:18,560 - INFO - @L_HCPU.run:
2023-09-05 17:28:18,560 - INFO - @L_HCPU-ControlUnit.run
2023-09-05 17:28:19,564 - INFO - @L_HCPU-ControlUnit.run: Done
2023-09-05 17:28:19,565 - INFO - Instruction: None
2023-09-05 17:28:19,565 - INFO - Program: None
2023-09-05 17:28:19,565 - INFO - Memory: None
2023-09-05 17:28:19,565 - INFO - @L_HCPU-ExecutionUnit.run
2023-09-05 17:28:20,570 - INFO - @L_HCPU-ExecutionUnit.run: Done
2023-09-05 17:28:20,570 - INFO - Result: None
2023-09-05 17:28:20,570 - INFO - @L_HCPU-MemoryUnit.run
2023-09-05 17:28:21,571 - INFO - @L_HCPU-MemoryUnit.run: Done
2023-09-05 17:28:21,571 - INFO - RAM: None
2023-09-05 17:28:21,571 - INFO - @L_HCPU.run: Done
2023-09-05 17:28:21,571 - INFO - @L_HCPU.execute: Ending run #2 at 1693952901.57175
2023-09-05 17:28:21,571 - INFO - Cycle Duration: 3.0110690593719482
2023-09-05 17:28:21,571 - INFO - @L_HCPU.execute: Starting run #3 at 1693952901.5718899
2023-09-05 17:28:21,571 - INFO - ControlUnit state before run: idle
2023-09-05 17:28:21,572 - INFO - @L_HCPU.run:
2023-09-05 17:28:21,572 - INFO - @L_HCPU-ControlUnit.run
2023-09-05 17:28:22,572 - INFO - @L_HCPU-ControlUnit.run: Done
2023-09-05 17:28:22,572 - INFO - Instruction: None
2023-09-05 17:28:22,572 - INFO - Program: None
2023-09-05 17:28:22,572 - INFO - Memory: None
2023-09-05 17:28:22,572 - INFO - @L_HCPU-ExecutionUnit.run
2023-09-05 17:28:23,577 - INFO - @L_HCPU-ExecutionUnit.run: Done
2023-09-05 17:28:23,577 - INFO - Result: None
2023-09-05 17:28:23,577 - INFO - @L_HCPU-MemoryUnit.run
